<?xml version="1.0" encoding="UTF-8"?>
<testsuite xmlns:xsi="http://www.w3.org/2001/XMLSchema-instance" xsi:noNamespaceSchemaLocation="https://maven.apache.org/surefire/maven-surefire-plugin/xsd/surefire-test-report-3.0.xsd" version="3.0" name="com.mycompany.restaurantenegocio.ClienteBOTest" time="1.583" tests="1" errors="0" skipped="0" failures="1">
  <properties>
[...]
</properties>
  <testcase name="testDesencriptarTelefonoAlConsultarClienteFuncionaOk" classname="com.mycompany.restaurantenegocio.ClienteBOTest" time="1.547">
    <failure message="Unexpected exception thrown: org.eclipse.persistence.exceptions.DatabaseException: &#10;Internal Exception: java.sql.SQLSyntaxErrorException: Unknown column &apos;id_mesa&apos; in &apos;field list&apos;&#10;Error Code: 1054&#10;Call: SELECT id_comanda, estado_comanda, fecha_hora_creacion, folio, total, id_cliente, id_mesa FROM comandas WHERE (id_cliente = ?)&#10;	bind =&gt; [1 parameter bound]&#10;Query: ReadAllQuery(name=&quot;comandas&quot; referenceClass=Comanda sql=&quot;SELECT id_comanda, estado_comanda, fecha_hora_creacion, folio, total, id_cliente, id_mesa FROM comandas WHERE (id_cliente = ?)&quot;)" type="org.opentest4j.AssertionFailedError"><![CDATA[org.opentest4j.AssertionFailedError: 
Unexpected exception thrown: org.eclipse.persistence.exceptions.DatabaseException: 
Internal Exception: java.sql.SQLSyntaxErrorException: Unknown column 'id_mesa' in 'field list'
Error Code: 1054
Call: SELECT id_comanda, estado_comanda, fecha_hora_creacion, folio, total, id_cliente, id_mesa FROM comandas WHERE (id_cliente = ?)
	bind => [1 parameter bound]
Query: ReadAllQuery(name="comandas" referenceClass=Comanda sql="SELECT id_comanda, estado_comanda, fecha_hora_creacion, folio, total, id_cliente, id_mesa FROM comandas WHERE (id_cliente = ?)")
	at org.junit.jupiter.api.AssertionFailureBuilder.build(AssertionFailureBuilder.java:152)
	at org.junit.jupiter.api.AssertDoesNotThrow.createAssertionFailedError(AssertDoesNotThrow.java:84)
	at org.junit.jupiter.api.AssertDoesNotThrow.assertDoesNotThrow(AssertDoesNotThrow.java:53)
	at org.junit.jupiter.api.AssertDoesNotThrow.assertDoesNotThrow(AssertDoesNotThrow.java:36)
	at org.junit.jupiter.api.Assertions.assertDoesNotThrow(Assertions.java:3168)
	at com.mycompany.restaurantenegocio.ClienteBOTest.testDesencriptarTelefonoAlConsultarClienteFuncionaOk(ClienteBOTest.java:23)
	at java.base/java.lang.reflect.Method.invoke(Method.java:565)
	at java.base/java.util.ArrayList.forEach(ArrayList.java:1604)
	at java.base/java.util.ArrayList.forEach(ArrayList.java:1604)
Caused by: Exception [EclipseLink-4002] (Eclipse Persistence Services - 2.7.12.v20230209-e5c4074ef3): org.eclipse.persistence.exceptions.DatabaseException
Internal Exception: java.sql.SQLSyntaxErrorException: Unknown column 'id_mesa' in 'field list'
Error Code: 1054
Call: SELECT id_comanda, estado_comanda, fecha_hora_creacion, folio, total, id_cliente, id_mesa FROM comandas WHERE (id_cliente = ?)
	bind => [1 parameter bound]
Query: ReadAllQuery(name="comandas" referenceClass=Comanda sql="SELECT id_comanda, estado_comanda, fecha_hora_creacion, folio, total, id_cliente, id_mesa FROM comandas WHERE (id_cliente = ?)")
	at org.eclipse.persistence.exceptions.DatabaseException.sqlException(DatabaseException.java:342)
	at org.eclipse.persistence.internal.databaseaccess.DatabaseAccessor.basicExecuteCall(DatabaseAccessor.java:700)
	at org.eclipse.persistence.internal.databaseaccess.DatabaseAccessor.executeCall(DatabaseAccessor.java:567)
	at org.eclipse.persistence.internal.sessions.AbstractSession.basicExecuteCall(AbstractSession.java:2105)
	at org.eclipse.persistence.sessions.server.ServerSession.executeCall(ServerSession.java:603)
	at org.eclipse.persistence.internal.queries.DatasourceCallQueryMechanism.executeCall(DatasourceCallQueryMechanism.java:275)
	at org.eclipse.persistence.internal.queries.DatasourceCallQueryMechanism.executeCall(DatasourceCallQueryMechanism.java:261)
	at org.eclipse.persistence.internal.queries.DatasourceCallQueryMechanism.executeSelectCall(DatasourceCallQueryMechanism.java:345)
	at org.eclipse.persistence.internal.queries.DatasourceCallQueryMechanism.selectAllRows(DatasourceCallQueryMechanism.java:765)
	at org.eclipse.persistence.internal.queries.ExpressionQueryMechanism.selectAllRowsFromTable(ExpressionQueryMechanism.java:2776)
	at org.eclipse.persistence.internal.queries.ExpressionQueryMechanism.selectAllRows(ExpressionQueryMechanism.java:2729)
	at org.eclipse.persistence.queries.ReadAllQuery.executeObjectLevelReadQuery(ReadAllQuery.java:584)
	at org.eclipse.persistence.queries.ObjectLevelReadQuery.executeDatabaseQuery(ObjectLevelReadQuery.java:1232)
	at org.eclipse.persistence.queries.DatabaseQuery.execute(DatabaseQuery.java:913)
	at org.eclipse.persistence.queries.ObjectLevelReadQuery.execute(ObjectLevelReadQuery.java:1191)
	at org.eclipse.persistence.queries.ReadAllQuery.execute(ReadAllQuery.java:485)
	at org.eclipse.persistence.internal.sessions.AbstractSession.internalExecuteQuery(AbstractSession.java:3367)
	at org.eclipse.persistence.internal.sessions.AbstractSession.executeQuery(AbstractSession.java:1898)
	at org.eclipse.persistence.internal.sessions.AbstractSession.executeQuery(AbstractSession.java:1880)
	at org.eclipse.persistence.internal.indirection.NoIndirectionPolicy.valueFromQuery(NoIndirectionPolicy.java:328)
	at org.eclipse.persistence.mappings.ForeignReferenceMapping.valueFromRowInternal(ForeignReferenceMapping.java:2347)
	at org.eclipse.persistence.mappings.ForeignReferenceMapping.valueFromRow(ForeignReferenceMapping.java:2188)
	at org.eclipse.persistence.mappings.ForeignReferenceMapping.readFromRowIntoObject(ForeignReferenceMapping.java:1514)
	at org.eclipse.persistence.internal.descriptors.ObjectBuilder.buildAttributesIntoObject(ObjectBuilder.java:492)
	at org.eclipse.persistence.internal.descriptors.ObjectBuilder.buildObject(ObjectBuilder.java:1056)
	at org.eclipse.persistence.internal.descriptors.ObjectBuilder.buildWorkingCopyCloneNormally(ObjectBuilder.java:950)
	at org.eclipse.persistence.internal.descriptors.ObjectBuilder.buildObjectInUnitOfWork(ObjectBuilder.java:903)
	at org.eclipse.persistence.internal.descriptors.ObjectBuilder.buildObjectInternal(ObjectBuilder.java:786)
	at org.eclipse.persistence.internal.descriptors.ObjectBuilder.buildObject(ObjectBuilder.java:741)
	at org.eclipse.persistence.internal.descriptors.ObjectBuilder.buildObject(ObjectBuilder.java:719)
	at org.eclipse.persistence.queries.ObjectLevelReadQuery.buildObject(ObjectLevelReadQuery.java:861)
	at org.eclipse.persistence.queries.ReadObjectQuery.registerResultInUnitOfWork(ReadObjectQuery.java:901)
	at org.eclipse.persistence.queries.ReadObjectQuery.executeObjectLevelReadQuery(ReadObjectQuery.java:568)
	at org.eclipse.persistence.queries.ObjectLevelReadQuery.executeDatabaseQuery(ObjectLevelReadQuery.java:1232)
	at org.eclipse.persistence.queries.DatabaseQuery.execute(DatabaseQuery.java:913)
	at org.eclipse.persistence.queries.ObjectLevelReadQuery.execute(ObjectLevelReadQuery.java:1191)
	at org.eclipse.persistence.queries.ReadObjectQuery.execute(ReadObjectQuery.java:447)
	at org.eclipse.persistence.queries.ObjectLevelReadQuery.executeInUnitOfWork(ObjectLevelReadQuery.java:1279)
	at org.eclipse.persistence.internal.sessions.UnitOfWorkImpl.internalExecuteQuery(UnitOfWorkImpl.java:3004)
	at org.eclipse.persistence.internal.sessions.AbstractSession.executeQuery(AbstractSession.java:1898)
	at org.eclipse.persistence.internal.sessions.AbstractSession.executeQuery(AbstractSession.java:1880)
	at org.eclipse.persistence.internal.sessions.AbstractSession.executeQuery(AbstractSession.java:1830)
	at org.eclipse.persistence.internal.jpa.EntityManagerImpl.executeQuery(EntityManagerImpl.java:1012)
	at org.eclipse.persistence.internal.jpa.EntityManagerImpl.findInternal(EntityManagerImpl.java:954)
	at org.eclipse.persistence.internal.jpa.EntityManagerImpl.find(EntityManagerImpl.java:830)
	at org.eclipse.persistence.internal.jpa.EntityManagerImpl.find(EntityManagerImpl.java:696)
	at com.mycompany.restaurantepersistencia.ClienteDAO.buscarPorId(ClienteDAO.java:78)
	at com.mycompany.restaurantenegocio.ClienteBO.buscarPorId(ClienteBO.java:99)
	at com.mycompany.restaurantenegocio.ClienteBOTest.lambda$testDesencriptarTelefonoAlConsultarClienteFuncionaOk$0(ClienteBOTest.java:24)
	at org.junit.jupiter.api.AssertDoesNotThrow.assertDoesNotThrow(AssertDoesNotThrow.java:49)
	... 6 more
Caused by: java.sql.SQLSyntaxErrorException: Unknown column 'id_mesa' in 'field list'
	at com.mysql.cj.jdbc.exceptions.SQLError.createSQLException(SQLError.java:112)
	at com.mysql.cj.jdbc.exceptions.SQLExceptionsMapping.translateException(SQLExceptionsMapping.java:114)
	at com.mysql.cj.jdbc.ClientPreparedStatement.executeInternal(ClientPreparedStatement.java:988)
	at com.mysql.cj.jdbc.ClientPreparedStatement.executeQuery(ClientPreparedStatement.java:1056)
	at org.eclipse.persistence.internal.databaseaccess.DatabaseAccessor.executeSelect(DatabaseAccessor.java:1024)
	at org.eclipse.persistence.internal.databaseaccess.DatabaseAccessor.basicExecuteCall(DatabaseAccessor.java:660)
	... 54 more
]]></failure>
    <system-out><![CDATA[[EL Info]: 2026-04-08 12:19:16.988--ServerSession(1958680465)--EclipseLink, version: Eclipse Persistence Services - 2.7.12.v20230209-e5c4074ef3
[EL Warning]: 2026-04-08 12:19:17.922--ServerSession(1958680465)--Exception [EclipseLink-4002] (Eclipse Persistence Services - 2.7.12.v20230209-e5c4074ef3): org.eclipse.persistence.exceptions.DatabaseException
Internal Exception: java.sql.SQLSyntaxErrorException: Unknown column 'id_mesa' in 'field list'
Error Code: 1054
Call: SELECT id_comanda, estado_comanda, fecha_hora_creacion, folio, total, id_cliente, id_mesa FROM comandas WHERE (id_cliente = ?)
	bind => [1 parameter bound]
Query: ReadAllQuery(name="comandas" referenceClass=Comanda sql="SELECT id_comanda, estado_comanda, fecha_hora_creacion, folio, total, id_cliente, id_mesa FROM comandas WHERE (id_cliente = ?)")
]]></system-out>
  </testcase>
</testsuite>