-------------------------------------------------------------------------------
Test set: com.mycompany.restaurantepersistencia.MesaDAOTest
-------------------------------------------------------------------------------
Tests run: 6, Failures: 1, Errors: 0, Skipped: 0, Time elapsed: 1.933 s <<< FAILURE! -- in com.mycompany.restaurantepersistencia.MesaDAOTest
com.mycompany.restaurantepersistencia.MesaDAOTest.testActualizarDisponibilidadOcupadaALibreFuncionaOk -- Time elapsed: 0.092 s <<< FAILURE!
org.opentest4j.AssertionFailedError: Unexpected exception thrown: org.opentest4j.AssertionFailedError: expected: <LIBRE> but was: <OCUPADA>
	at org.junit.jupiter.api.AssertionFailureBuilder.build(AssertionFailureBuilder.java:152)
	at org.junit.jupiter.api.AssertDoesNotThrow.createAssertionFailedError(AssertDoesNotThrow.java:84)
	at org.junit.jupiter.api.AssertDoesNotThrow.assertDoesNotThrow(AssertDoesNotThrow.java:53)
	at org.junit.jupiter.api.AssertDoesNotThrow.assertDoesNotThrow(AssertDoesNotThrow.java:36)
	at org.junit.jupiter.api.Assertions.assertDoesNotThrow(Assertions.java:3168)
	at com.mycompany.restaurantepersistencia.MesaDAOTest.testActualizarDisponibilidadOcupadaALibreFuncionaOk(MesaDAOTest.java:75)
	at java.base/java.lang.reflect.Method.invoke(Method.java:565)
	at java.base/java.util.ArrayList.forEach(ArrayList.java:1604)
	at java.base/java.util.ArrayList.forEach(ArrayList.java:1604)
Caused by: org.opentest4j.AssertionFailedError: expected: <LIBRE> but was: <OCUPADA>
	at org.junit.jupiter.api.AssertionFailureBuilder.build(AssertionFailureBuilder.java:151)
	at org.junit.jupiter.api.AssertionFailureBuilder.buildAndThrow(AssertionFailureBuilder.java:132)
	at org.junit.jupiter.api.AssertEquals.failNotEqual(AssertEquals.java:197)
	at org.junit.jupiter.api.AssertEquals.assertEquals(AssertEquals.java:182)
	at org.junit.jupiter.api.AssertEquals.assertEquals(AssertEquals.java:177)
	at org.junit.jupiter.api.Assertions.assertEquals(Assertions.java:1145)
	at com.mycompany.restaurantepersistencia.MesaDAOTest.lambda$testActualizarDisponibilidadOcupadaALibreFuncionaOk$0(MesaDAOTest.java:83)
	at org.junit.jupiter.api.AssertDoesNotThrow.assertDoesNotThrow(AssertDoesNotThrow.java:49)
	... 6 more

