<?xml version="1.0" encoding="UTF-8"?>
<testsuite xmlns:xsi="http://www.w3.org/2001/XMLSchema-instance" xsi:noNamespaceSchemaLocation="https://maven.apache.org/surefire/maven-surefire-plugin/xsd/surefire-test-report-3.0.xsd" version="3.0" name="com.mycompany.restaurantepersistencia.IngredientesDAOTest" time="1.374" tests="1" errors="0" skipped="0" failures="0">
  <properties>
[...]
</properties>
  <testcase name="testRegistrarIngredienteFuncionaOk" classname="com.mycompany.restaurantepersistencia.IngredientesDAOTest" time="1.354">
    <system-out><![CDATA[[EL Info]: 2026-03-27 16:39:12.183--ServerSession(1777443462)--EclipseLink, version: Eclipse Persistence Services - 2.7.12.v20230209-e5c4074ef3
]]></system-out>
  </testcase>
</testsuite>